{"uid":"a4b040fecaeba62","name":"test_login_app_with_authentication[False]","fullName":"test.spec.test_login_app_auth#test_login_app_with_authentication","historyId":"844f703721f617f144e1598b583d993a","time":{"start":1766072969626,"stop":1766073150560,"duration":180934},"description":"\n    Test the login app with authentication functionality.\n\n    This test case types the login password, asserts the state of the toggle button,\n    toggles it to off, and types the login password again.\n\n    Args:\n        test_environment: The test environment setup.\n        wallets_and_operations: The wallets and operations setup.\n\n    Returns:\n        None\n    ","descriptionHtml":"<pre><code>Test the login app with authentication functionality.\n\nThis test case types the login password, asserts the state of the toggle button,\ntoggles it to off, and types the login password again.\n\nArgs:\n    test_environment: The test environment setup.\n    wallets_and_operations: The wallets and operations setup.\n\nReturns:\n    None\n</code></pre>\n","status":"failed","statusMessage":"AssertionError: assert False\n +  where False = wait_for_toggle_state(<function SettingsPageObjects.__init__.<locals>.<lambda> at 0x7fe8ff5951c0>, expected_checked=True, timeout=5)\n +    where wait_for_toggle_state = <e2e_tests.test.utilities.base_operation.BaseOperations object at 0x7fe8ff599160>.wait_for_toggle_state\n +      where <e2e_tests.test.utilities.base_operation.BaseOperations object at 0x7fe8ff599160> = WalletTestSetup(first_page_features=<e2e_tests.test.features.main_features.MainFeatures object at 0x7fe8ff75dcd0>, sec...utilities.base_operation.BaseOperations object at 0x7fe8ff599160>, second_page_operations=None, wallet_mode='embedded').first_page_operations\n +    and   <function SettingsPageObjects.__init__.<locals>.<lambda> at 0x7fe8ff5951c0> = <e2e_tests.test.pageobjects.settings_page_object.SettingsPageObjects object at 0x7fe8ff587c50>.login_auth_toggle_button\n +      where <e2e_tests.test.pageobjects.settings_page_object.SettingsPageObjects object at 0x7fe8ff587c50> = <e2e_tests.test.pageobjects.main_page_objects.MainPageObjects object at 0x7fe8ff584b00>.settings_page_objects\n +        where <e2e_tests.test.pageobjects.main_page_objects.MainPageObjects object at 0x7fe8ff584b00> = WalletTestSetup(first_page_features=<e2e_tests.test.features.main_features.MainFeatures object at 0x7fe8ff75dcd0>, sec...utilities.base_operation.BaseOperations object at 0x7fe8ff599160>, second_page_operations=None, wallet_mode='embedded').first_page_objects","statusTrace":"wallets_and_operations = WalletTestSetup(first_page_features=<e2e_tests.test.features.main_features.MainFeatures object at 0x7fe8ff75dcd0>, sec...utilities.base_operation.BaseOperations object at 0x7fe8ff599160>, second_page_operations=None, wallet_mode='embedded')\n\n    @allure.feature('Login app')\n    @allure.story('Test login app with authentication')\n    @pytest.mark.parametrize('test_environment', [False], indirect=True)\n    def test_login_app_with_authentication(wallets_and_operations: WalletTestSetup):\n        \"\"\"\n        Test the login app with authentication functionality.\n    \n        This test case types the login password, asserts the state of the toggle button,\n        toggles it to off, and types the login password again.\n    \n        Args:\n            test_environment: The test environment setup.\n            wallets_and_operations: The wallets and operations setup.\n    \n        Returns:\n            None\n        \"\"\"\n        with allure.step('assert the state of toggle button and toggle it to off'):\n            wallets_and_operations.first_page_operations.enter_native_password()\n    \n            wallets_and_operations.first_page_objects.sidebar_page_objects.click_settings_button()\n    \n            # Wait for toggle to be in checked=True state\n>           assert wallets_and_operations.first_page_operations.wait_for_toggle_state(\n                wallets_and_operations.first_page_objects.settings_page_objects.login_auth_toggle_button,\n                expected_checked=True,\n                timeout=5,\n            )\nE           AssertionError: assert False\nE            +  where False = wait_for_toggle_state(<function SettingsPageObjects.__init__.<locals>.<lambda> at 0x7fe8ff5951c0>, expected_checked=True, timeout=5)\nE            +    where wait_for_toggle_state = <e2e_tests.test.utilities.base_operation.BaseOperations object at 0x7fe8ff599160>.wait_for_toggle_state\nE            +      where <e2e_tests.test.utilities.base_operation.BaseOperations object at 0x7fe8ff599160> = WalletTestSetup(first_page_features=<e2e_tests.test.features.main_features.MainFeatures object at 0x7fe8ff75dcd0>, sec...utilities.base_operation.BaseOperations object at 0x7fe8ff599160>, second_page_operations=None, wallet_mode='embedded').first_page_operations\nE            +    and   <function SettingsPageObjects.__init__.<locals>.<lambda> at 0x7fe8ff5951c0> = <e2e_tests.test.pageobjects.settings_page_object.SettingsPageObjects object at 0x7fe8ff587c50>.login_auth_toggle_button\nE            +      where <e2e_tests.test.pageobjects.settings_page_object.SettingsPageObjects object at 0x7fe8ff587c50> = <e2e_tests.test.pageobjects.main_page_objects.MainPageObjects object at 0x7fe8ff584b00>.settings_page_objects\nE            +        where <e2e_tests.test.pageobjects.main_page_objects.MainPageObjects object at 0x7fe8ff584b00> = WalletTestSetup(first_page_features=<e2e_tests.test.features.main_features.MainFeatures object at 0x7fe8ff75dcd0>, sec...utilities.base_operation.BaseOperations object at 0x7fe8ff599160>, second_page_operations=None, wallet_mode='embedded').first_page_objects\n\ne2e_tests/test/spec/test_login_app_auth.py:75: AssertionError","flaky":false,"newFailed":false,"newBroken":false,"newPassed":false,"retriesCount":0,"retriesStatusChange":false,"beforeStages":[{"name":"test_environment","time":{"start":1766072812058,"stop":1766072817591,"duration":5533},"status":"passed","steps":[],"attachments":[],"parameters":[],"shouldDisplayMessage":false,"stepsCount":0,"attachmentsCount":0,"hasContent":false},{"name":"cleanup_between_tests","time":{"start":1766072969625,"stop":1766072969625,"duration":0},"status":"passed","steps":[],"attachments":[],"parameters":[],"shouldDisplayMessage":false,"stepsCount":0,"attachmentsCount":0,"hasContent":false},{"name":"wallets_and_operations","time":{"start":1766072969625,"stop":1766072969625,"duration":0},"status":"passed","steps":[],"attachments":[],"parameters":[],"shouldDisplayMessage":false,"stepsCount":0,"attachmentsCount":0,"hasContent":false}],"testStage":{"description":"\n    Test the login app with authentication functionality.\n\n    This test case types the login password, asserts the state of the toggle button,\n    toggles it to off, and types the login password again.\n\n    Args:\n        test_environment: The test environment setup.\n        wallets_and_operations: The wallets and operations setup.\n\n    Returns:\n        None\n    ","status":"failed","statusMessage":"AssertionError: assert False\n +  where False = wait_for_toggle_state(<function SettingsPageObjects.__init__.<locals>.<lambda> at 0x7fe8ff5951c0>, expected_checked=True, timeout=5)\n +    where wait_for_toggle_state = <e2e_tests.test.utilities.base_operation.BaseOperations object at 0x7fe8ff599160>.wait_for_toggle_state\n +      where <e2e_tests.test.utilities.base_operation.BaseOperations object at 0x7fe8ff599160> = WalletTestSetup(first_page_features=<e2e_tests.test.features.main_features.MainFeatures object at 0x7fe8ff75dcd0>, sec...utilities.base_operation.BaseOperations object at 0x7fe8ff599160>, second_page_operations=None, wallet_mode='embedded').first_page_operations\n +    and   <function SettingsPageObjects.__init__.<locals>.<lambda> at 0x7fe8ff5951c0> = <e2e_tests.test.pageobjects.settings_page_object.SettingsPageObjects object at 0x7fe8ff587c50>.login_auth_toggle_button\n +      where <e2e_tests.test.pageobjects.settings_page_object.SettingsPageObjects object at 0x7fe8ff587c50> = <e2e_tests.test.pageobjects.main_page_objects.MainPageObjects object at 0x7fe8ff584b00>.settings_page_objects\n +        where <e2e_tests.test.pageobjects.main_page_objects.MainPageObjects object at 0x7fe8ff584b00> = WalletTestSetup(first_page_features=<e2e_tests.test.features.main_features.MainFeatures object at 0x7fe8ff75dcd0>, sec...utilities.base_operation.BaseOperations object at 0x7fe8ff599160>, second_page_operations=None, wallet_mode='embedded').first_page_objects","statusTrace":"wallets_and_operations = WalletTestSetup(first_page_features=<e2e_tests.test.features.main_features.MainFeatures object at 0x7fe8ff75dcd0>, sec...utilities.base_operation.BaseOperations object at 0x7fe8ff599160>, second_page_operations=None, wallet_mode='embedded')\n\n    @allure.feature('Login app')\n    @allure.story('Test login app with authentication')\n    @pytest.mark.parametrize('test_environment', [False], indirect=True)\n    def test_login_app_with_authentication(wallets_and_operations: WalletTestSetup):\n        \"\"\"\n        Test the login app with authentication functionality.\n    \n        This test case types the login password, asserts the state of the toggle button,\n        toggles it to off, and types the login password again.\n    \n        Args:\n            test_environment: The test environment setup.\n            wallets_and_operations: The wallets and operations setup.\n    \n        Returns:\n            None\n        \"\"\"\n        with allure.step('assert the state of toggle button and toggle it to off'):\n            wallets_and_operations.first_page_operations.enter_native_password()\n    \n            wallets_and_operations.first_page_objects.sidebar_page_objects.click_settings_button()\n    \n            # Wait for toggle to be in checked=True state\n>           assert wallets_and_operations.first_page_operations.wait_for_toggle_state(\n                wallets_and_operations.first_page_objects.settings_page_objects.login_auth_toggle_button,\n                expected_checked=True,\n                timeout=5,\n            )\nE           AssertionError: assert False\nE            +  where False = wait_for_toggle_state(<function SettingsPageObjects.__init__.<locals>.<lambda> at 0x7fe8ff5951c0>, expected_checked=True, timeout=5)\nE            +    where wait_for_toggle_state = <e2e_tests.test.utilities.base_operation.BaseOperations object at 0x7fe8ff599160>.wait_for_toggle_state\nE            +      where <e2e_tests.test.utilities.base_operation.BaseOperations object at 0x7fe8ff599160> = WalletTestSetup(first_page_features=<e2e_tests.test.features.main_features.MainFeatures object at 0x7fe8ff75dcd0>, sec...utilities.base_operation.BaseOperations object at 0x7fe8ff599160>, second_page_operations=None, wallet_mode='embedded').first_page_operations\nE            +    and   <function SettingsPageObjects.__init__.<locals>.<lambda> at 0x7fe8ff5951c0> = <e2e_tests.test.pageobjects.settings_page_object.SettingsPageObjects object at 0x7fe8ff587c50>.login_auth_toggle_button\nE            +      where <e2e_tests.test.pageobjects.settings_page_object.SettingsPageObjects object at 0x7fe8ff587c50> = <e2e_tests.test.pageobjects.main_page_objects.MainPageObjects object at 0x7fe8ff584b00>.settings_page_objects\nE            +        where <e2e_tests.test.pageobjects.main_page_objects.MainPageObjects object at 0x7fe8ff584b00> = WalletTestSetup(first_page_features=<e2e_tests.test.features.main_features.MainFeatures object at 0x7fe8ff75dcd0>, sec...utilities.base_operation.BaseOperations object at 0x7fe8ff599160>, second_page_operations=None, wallet_mode='embedded').first_page_objects\n\ne2e_tests/test/spec/test_login_app_auth.py:75: AssertionError","steps":[{"name":"assert the state of toggle button and toggle it to off","time":{"start":1766072969626,"stop":1766073150560,"duration":180934},"status":"failed","statusMessage":"AssertionError: assert False\n +  where False = wait_for_toggle_state(<function SettingsPageObjects.__init__.<locals>.<lambda> at 0x7fe8ff5951c0>, expected_checked=True, timeout=5)\n +    where wait_for_toggle_state = <e2e_tests.test.utilities.base_operation.BaseOperations object at 0x7fe8ff599160>.wait_for_toggle_state\n +      where <e2e_tests.test.utilities.base_operation.BaseOperations object at 0x7fe8ff599160> = WalletTestSetup(first_page_features=<e2e_tests.test.features.main_features.MainFeatures object at 0x7fe8ff75dcd0>, sec...utilities.base_operation.BaseOperations object at 0x7fe8ff599160>, second_page_operations=None, wallet_mode='embedded').first_page_operations\n +    and   <function SettingsPageObjects.__init__.<locals>.<lambda> at 0x7fe8ff5951c0> = <e2e_tests.test.pageobjects.settings_page_object.SettingsPageObjects object at 0x7fe8ff587c50>.login_auth_toggle_button\n +      where <e2e_tests.test.pageobjects.settings_page_object.SettingsPageObjects object at 0x7fe8ff587c50> = <e2e_tests.test.pageobjects.main_page_objects.MainPageObjects object at 0x7fe8ff584b00>.settings_page_objects\n +        where <e2e_tests.test.pageobjects.main_page_objects.MainPageObjects object at 0x7fe8ff584b00> = WalletTestSetup(first_page_features=<e2e_tests.test.features.main_features.MainFeatures object at 0x7fe8ff75dcd0>, sec...utilities.base_operation.BaseOperations object at 0x7fe8ff599160>, second_page_operations=None, wallet_mode='embedded').first_page_objects\n","statusTrace":"  File \"/home/runner/work/iris-wallet-desktop/iris-wallet-desktop/e2e_tests/test/spec/test_login_app_auth.py\", line 75, in test_login_app_with_authentication\n    assert wallets_and_operations.first_page_operations.wait_for_toggle_state(\n","steps":[],"attachments":[],"parameters":[],"shouldDisplayMessage":true,"stepsCount":0,"attachmentsCount":0,"hasContent":true}],"attachments":[],"parameters":[],"shouldDisplayMessage":true,"stepsCount":1,"attachmentsCount":0,"hasContent":true},"afterStages":[{"name":"cleanup_between_tests::0","time":{"start":1766073150564,"stop":1766073152579,"duration":2015},"status":"passed","steps":[],"attachments":[],"parameters":[],"shouldDisplayMessage":false,"stepsCount":0,"attachmentsCount":0,"hasContent":false},{"name":"test_environment::0","time":{"start":1766073152580,"stop":1766073152598,"duration":18},"status":"passed","steps":[],"attachments":[],"parameters":[],"shouldDisplayMessage":false,"stepsCount":0,"attachmentsCount":0,"hasContent":false}],"labels":[{"name":"feature","value":"Login app"},{"name":"story","value":"Test login app with authentication"},{"name":"parentSuite","value":"test.spec"},{"name":"suite","value":"test_login_app_auth"},{"name":"host","value":"runnervmh13bl"},{"name":"thread","value":"37096-MainThread"},{"name":"framework","value":"pytest"},{"name":"language","value":"cpython3"},{"name":"package","value":"test.spec.test_login_app_auth"},{"name":"resultFormat","value":"allure2"}],"parameters":[{"name":"test_environment","value":"False"}],"links":[],"hidden":false,"retry":false,"extra":{"severity":"normal","retries":[],"categories":[{"name":"Product defects","matchedStatuses":[],"flaky":false}],"tags":[]},"source":"a4b040fecaeba62.json","parameterValues":["False"]}